<?xml version="1.0" encoding="UTF-8"?>
<!-- Generated by org.testng.reporters.JUnitXMLReporter -->
<testsuite ignored="0" hostname="shubham-pc" failures="0" tests="6" name="Default test" time="229.3" errors="0" timestamp="2022-10-22T05:09:50 IST">
  <testcase classname="testPackage.DesignEfficiently" name="test0" time="6.266"/>
  <testcase classname="testPackage.DesignEfficiently" name="test1" time="68.648"/>
  <testcase classname="testPackage.DesignEfficiently" name="test2" time="45.04"/>
  <testcase classname="testPackage.DesignEfficiently" name="test3a" time="12.644"/>
  <testcase classname="testPackage.DesignEfficiently" name="test3b" time="8.866"/>
  <testcase classname="testPackage.DesignEfficiently" name="test3c" time="69.369"/>
</testsuite> <!-- Default test -->
